
10월 12, 2020 15:54:17.95 NEW SESSION
10월 12, 2020 15:54:17.95 [22964:2504:1012/155417.955:ERROR:media_history_store.cc(376)] Failed to create or update the media history store.
10월 12, 2020 16:07:41.06 [20000:17740:1012/160741.064:ERROR:device_event_log_impl.cc(208)] [16:07:41.064] Bluetooth: bluetooth_adapter_winrt.cc:1076 Getting Default Adapter failed.
10월 12, 2020 16:08:34.34 [15580:7792:1012/160834.349:ERROR:device_event_log_impl.cc(208)] [16:08:34.349] Bluetooth: bluetooth_adapter_winrt.cc:1076 Getting Default Adapter failed.
10월 12, 2020 16:18:32.77 [1012/161832.776:ERROR:directory_reader_win.cc(43)] FindFirstFile: 지정된 경로를 찾을 수 없습니다. (0x3)
10월 12, 2020 16:58:01.76 [22944:18328:1012/165801.763:ERROR:device_event_log_impl.cc(208)] [16:58:01.763] Bluetooth: bluetooth_adapter_winrt.cc:1076 Getting Default Adapter failed.
10월 12, 2020 16:59:51.61 [9140:3784:1012/165951.613:ERROR:device_event_log_impl.cc(208)] [16:59:51.613] Bluetooth: bluetooth_adapter_winrt.cc:1076 Getting Default Adapter failed.
10월 12, 2020 17:09:38.18 [1012/170938.184:ERROR:directory_reader_win.cc(43)] FindFirstFile: 지정된 경로를 찾을 수 없습니다. (0x3)
10월 12, 2020 17:19:52.24 [25176:23356:1012/171952.240:ERROR:device_event_log_impl.cc(208)] [17:19:52.241] Bluetooth: bluetooth_adapter_winrt.cc:1076 Getting Default Adapter failed.
10월 12, 2020 17:28:49.53 [22648:12812:1012/172849.530:ERROR:device_event_log_impl.cc(208)] [17:28:49.530] Bluetooth: bluetooth_adapter_winrt.cc:1076 Getting Default Adapter failed.
10월 12, 2020 17:38:42.39 [1012/173842.396:ERROR:directory_reader_win.cc(43)] FindFirstFile: 지정된 경로를 찾을 수 없습니다. (0x3)

10월 13, 2020 21:36:01.72 NEW SESSION
10월 13, 2020 21:36:01.72 [20400:18696:1013/213601.710:ERROR:device_event_log_impl.cc(208)] [21:36:01.710] Bluetooth: bluetooth_adapter_winrt.cc:1076 Getting Default Adapter failed.
10월 13, 2020 21:45:51.11 [1013/214551.110:ERROR:directory_reader_win.cc(43)] FindFirstFile: 지정된 경로를 찾을 수 없습니다. (0x3)

10월 14, 2020 15:54:41.84 NEW SESSION
10월 14, 2020 15:54:41.85 [20412:1152:1014/155441.848:ERROR:device_event_log_impl.cc(208)] [15:54:41.848] Bluetooth: bluetooth_adapter_winrt.cc:1076 Getting Default Adapter failed.

10월 15, 2020 16:15:38.51 NEW SESSION
10월 15, 2020 16:15:38.51 [12564:10420:1015/161538.495:ERROR:device_event_log_impl.cc(208)] [16:15:38.495] Bluetooth: bluetooth_adapter_winrt.cc:1076 Getting Default Adapter failed.
10월 15, 2020 16:21:46.29 [3932:22668:1015/162146.292:ERROR:device_event_log_impl.cc(208)] [16:21:46.292] Bluetooth: bluetooth_adapter_winrt.cc:1076 Getting Default Adapter failed.
10월 15, 2020 16:23:47.70 [19780:14636:1015/162347.703:ERROR:device_event_log_impl.cc(208)] [16:23:47.703] Bluetooth: bluetooth_adapter_winrt.cc:1076 Getting Default Adapter failed.
10월 15, 2020 16:25:15.46 [18544:23580:1015/162515.466:ERROR:device_event_log_impl.cc(208)] [16:25:15.467] Bluetooth: bluetooth_adapter_winrt.cc:1076 Getting Default Adapter failed.
10월 15, 2020 16:29:37.72 [18356:9124:1015/162937.720:ERROR:device_event_log_impl.cc(208)] [16:29:37.719] Bluetooth: bluetooth_adapter_winrt.cc:1076 Getting Default Adapter failed.
10월 15, 2020 16:37:50.29 [19140:18772:1015/163750.299:ERROR:device_event_log_impl.cc(208)] [16:37:50.298] Bluetooth: bluetooth_adapter_winrt.cc:1076 Getting Default Adapter failed.
10월 15, 2020 16:39:49.28 [7104:12812:1015/163949.284:ERROR:device_event_log_impl.cc(208)] [16:39:49.284] Bluetooth: bluetooth_adapter_winrt.cc:1076 Getting Default Adapter failed.
10월 15, 2020 16:49:40.57 [14808:7728:1015/164940.571:ERROR:device_event_log_impl.cc(208)] [16:49:40.571] Bluetooth: bluetooth_adapter_winrt.cc:1076 Getting Default Adapter failed.
10월 15, 2020 16:53:07.24 [5224:18360:1015/165307.242:ERROR:device_event_log_impl.cc(208)] [16:53:07.242] Bluetooth: bluetooth_adapter_winrt.cc:1076 Getting Default Adapter failed.
10월 15, 2020 16:54:41.33 [23812:20720:1015/165441.339:ERROR:device_event_log_impl.cc(208)] [16:54:41.339] Bluetooth: bluetooth_adapter_winrt.cc:1076 Getting Default Adapter failed.
10월 15, 2020 16:58:26.97 [15668:21056:1015/165826.975:ERROR:device_event_log_impl.cc(208)] [16:58:26.975] Bluetooth: bluetooth_adapter_winrt.cc:1076 Getting Default Adapter failed.
10월 15, 2020 17:01:52.19 [23456:22320:1015/170152.191:ERROR:device_event_log_impl.cc(208)] [17:01:52.191] Bluetooth: bluetooth_adapter_winrt.cc:1076 Getting Default Adapter failed.
10월 15, 2020 17:11:45.54 [1015/171145.546:ERROR:directory_reader_win.cc(43)] FindFirstFile: 지정된 경로를 찾을 수 없습니다. (0x3)
10월 15, 2020 17:19:09.69 [15912:13112:1015/171909.698:ERROR:device_event_log_impl.cc(208)] [17:19:09.698] Bluetooth: bluetooth_adapter_winrt.cc:1076 Getting Default Adapter failed.
10월 15, 2020 17:20:16.27 [4624:20976:1015/172016.270:ERROR:device_event_log_impl.cc(208)] [17:20:16.270] Bluetooth: bluetooth_adapter_winrt.cc:1076 Getting Default Adapter failed.
10월 15, 2020 17:30:05.65 [1015/173005.651:ERROR:directory_reader_win.cc(43)] FindFirstFile: 지정된 경로를 찾을 수 없습니다. (0x3)
10월 15, 2020 17:32:49.09 [22612:8376:1015/173249.094:ERROR:device_event_log_impl.cc(208)] [17:32:49.094] Bluetooth: bluetooth_adapter_winrt.cc:1076 Getting Default Adapter failed.
10월 15, 2020 17:42:43.56 [1015/174243.562:ERROR:directory_reader_win.cc(43)] FindFirstFile: 지정된 경로를 찾을 수 없습니다. (0x3)
10월 15, 2020 19:29:23.77 [22612:8376:1015/192923.778:ERROR:CONSOLE(1)] "No document", source: devtools://devtools/bundled/sdk/sdk.js (1)
10월 15, 2020 19:29:52.09 [22612:8376:1015/192952.095:ERROR:CONSOLE(1)] "No document", source: devtools://devtools/bundled/sdk/sdk.js (1)
10월 15, 2020 19:30:09.27 [22612:8376:1015/193009.275:ERROR:CONSOLE(1)] "No document", source: devtools://devtools/bundled/sdk/sdk.js (1)
10월 15, 2020 19:30:11.54 [22612:8376:1015/193011.539:ERROR:CONSOLE(1)] "No document", source: devtools://devtools/bundled/sdk/sdk.js (1)
10월 15, 2020 19:30:47.76 [22612:8376:1015/193047.763:ERROR:CONSOLE(1)] "No document", source: devtools://devtools/bundled/sdk/sdk.js (1)
10월 15, 2020 19:31:17.96 [22612:8376:1015/193117.960:ERROR:CONSOLE(1)] "No document", source: devtools://devtools/bundled/sdk/sdk.js (1)
10월 15, 2020 19:31:42.52 [22612:8376:1015/193142.526:ERROR:CONSOLE(1)] "No document", source: devtools://devtools/bundled/sdk/sdk.js (1)
10월 15, 2020 19:31:50.47 [22612:8376:1015/193150.471:ERROR:CONSOLE(1)] "No document", source: devtools://devtools/bundled/sdk/sdk.js (1)
10월 15, 2020 19:42:32.75 [23832:23584:1015/194232.759:ERROR:device_event_log_impl.cc(208)] [19:42:32.759] Bluetooth: bluetooth_adapter_winrt.cc:1076 Getting Default Adapter failed.
10월 15, 2020 19:50:55.79 [12256:22180:1015/195055.798:ERROR:device_event_log_impl.cc(208)] [19:50:55.798] Bluetooth: bluetooth_adapter_winrt.cc:1076 Getting Default Adapter failed.
10월 15, 2020 19:54:43.17 [13672:15964:1015/195443.177:ERROR:device_event_log_impl.cc(208)] [19:54:43.176] Bluetooth: bluetooth_adapter_winrt.cc:1076 Getting Default Adapter failed.
10월 15, 2020 19:55:43.32 [10932:2944:1015/195543.326:ERROR:device_event_log_impl.cc(208)] [19:55:43.326] Bluetooth: bluetooth_adapter_winrt.cc:1076 Getting Default Adapter failed.
10월 15, 2020 20:02:06.83 [7340:18664:1015/200206.830:ERROR:device_event_log_impl.cc(208)] [20:02:06.830] Bluetooth: bluetooth_adapter_winrt.cc:1076 Getting Default Adapter failed.
10월 15, 2020 20:04:14.82 [22548:18028:1015/200414.826:ERROR:device_event_log_impl.cc(208)] [20:04:14.826] Bluetooth: bluetooth_adapter_winrt.cc:1076 Getting Default Adapter failed.
10월 15, 2020 20:06:44.18 [23060:19604:1015/200644.186:ERROR:device_event_log_impl.cc(208)] [20:06:44.186] Bluetooth: bluetooth_adapter_winrt.cc:1076 Getting Default Adapter failed.
10월 15, 2020 20:16:42.56 [1015/201642.564:ERROR:directory_reader_win.cc(43)] FindFirstFile: 지정된 경로를 찾을 수 없습니다. (0x3)
10월 15, 2020 20:27:14.27 [21240:17984:1015/202714.275:ERROR:device_event_log_impl.cc(208)] [20:27:14.275] Bluetooth: bluetooth_adapter_winrt.cc:1076 Getting Default Adapter failed.
10월 15, 2020 20:30:41.10 [18304:14444:1015/203041.105:ERROR:device_event_log_impl.cc(208)] [20:30:41.104] Bluetooth: bluetooth_adapter_winrt.cc:1076 Getting Default Adapter failed.
10월 15, 2020 20:40:33.54 [1015/204033.540:ERROR:directory_reader_win.cc(43)] FindFirstFile: 지정된 경로를 찾을 수 없습니다. (0x3)
10월 15, 2020 20:41:49.34 [18304:14444:1015/204149.347:ERROR:CONSOLE(1)] "No document", source: devtools://devtools/bundled/sdk/sdk.js (1)
10월 15, 2020 20:44:02.88 [18304:14444:1015/204402.886:ERROR:CONSOLE(1)] "No document", source: devtools://devtools/bundled/sdk/sdk.js (1)
10월 15, 2020 21:42:35.53 [16548:13852:1015/214235.534:ERROR:device_event_log_impl.cc(208)] [21:42:35.534] Bluetooth: bluetooth_adapter_winrt.cc:1076 Getting Default Adapter failed.
10월 15, 2020 21:48:10.33 [14660:14460:1015/214810.331:ERROR:device_event_log_impl.cc(208)] [21:48:10.331] Bluetooth: bluetooth_adapter_winrt.cc:1076 Getting Default Adapter failed.

10월 18, 2020 17:46:15.42 NEW SESSION
10월 18, 2020 17:46:15.42 [13332:6724:1018/174615.425:ERROR:device_event_log_impl.cc(208)] [17:46:15.425] Bluetooth: bluetooth_adapter_winrt.cc:1076 Getting Default Adapter failed.
10월 18, 2020 17:53:45.69 [16600:15792:1018/175345.695:ERROR:device_event_log_impl.cc(208)] [17:53:45.695] Bluetooth: bluetooth_adapter_winrt.cc:1076 Getting Default Adapter failed.
10월 18, 2020 17:56:16.16 [17688:14840:1018/175616.160:ERROR:device_event_log_impl.cc(208)] [17:56:16.161] Bluetooth: bluetooth_adapter_winrt.cc:1076 Getting Default Adapter failed.

10월 19, 2020 15:41:54.20 NEW SESSION
10월 19, 2020 15:41:54.20 [16848:12440:1019/154154.200:ERROR:device_event_log_impl.cc(208)] [15:41:54.199] Bluetooth: bluetooth_adapter_winrt.cc:1076 Getting Default Adapter failed.
10월 19, 2020 15:51:46.32 [1019/155146.320:ERROR:directory_reader_win.cc(43)] FindFirstFile: 지정된 경로를 찾을 수 없습니다. (0x3)
10월 19, 2020 15:53:29.32 [16848:12440:1019/155329.321:ERROR:CONSOLE(1)] "No document", source: devtools://devtools/bundled/sdk/sdk.js (1)
10월 19, 2020 15:53:42.69 [16848:12440:1019/155342.691:ERROR:CONSOLE(1)] "No document", source: devtools://devtools/bundled/sdk/sdk.js (1)
10월 19, 2020 15:59:04.29 [16848:12440:1019/155904.292:ERROR:CONSOLE(1)] "No document", source: devtools://devtools/bundled/sdk/sdk.js (1)
10월 19, 2020 15:59:35.13 [16848:12440:1019/155935.135:ERROR:CONSOLE(1)] "No document", source: devtools://devtools/bundled/sdk/sdk.js (1)
10월 19, 2020 15:59:47.65 [16848:12440:1019/155947.657:ERROR:CONSOLE(1)] "No document", source: devtools://devtools/bundled/sdk/sdk.js (1)
10월 19, 2020 16:01:04.19 [16848:12440:1019/160104.197:ERROR:CONSOLE(1)] "No document", source: devtools://devtools/bundled/sdk/sdk.js (1)
10월 19, 2020 16:01:09.45 [16848:12440:1019/160109.459:ERROR:CONSOLE(1)] "No document", source: devtools://devtools/bundled/sdk/sdk.js (1)
10월 19, 2020 16:01:16.66 [16848:12440:1019/160116.668:ERROR:CONSOLE(1)] "No document", source: devtools://devtools/bundled/sdk/sdk.js (1)
10월 19, 2020 16:01:25.35 [16848:12440:1019/160125.357:ERROR:CONSOLE(1)] "No document", source: devtools://devtools/bundled/sdk/sdk.js (1)
10월 19, 2020 16:01:47.07 [16848:12440:1019/160147.070:ERROR:CONSOLE(1)] "No document", source: devtools://devtools/bundled/sdk/sdk.js (1)
10월 19, 2020 16:02:00.53 [16848:12440:1019/160200.537:ERROR:CONSOLE(1)] "No document", source: devtools://devtools/bundled/sdk/sdk.js (1)
10월 19, 2020 16:02:14.79 [16848:12440:1019/160214.799:ERROR:CONSOLE(1)] "No document", source: devtools://devtools/bundled/sdk/sdk.js (1)
10월 19, 2020 16:02:32.67 [16848:12440:1019/160232.676:ERROR:CONSOLE(1)] "No document", source: devtools://devtools/bundled/sdk/sdk.js (1)
10월 19, 2020 16:02:33.44 [16848:12440:1019/160233.446:ERROR:CONSOLE(1)] "No document", source: devtools://devtools/bundled/sdk/sdk.js (1)
10월 19, 2020 16:02:35.03 [16848:12440:1019/160235.039:ERROR:CONSOLE(1)] "No document", source: devtools://devtools/bundled/sdk/sdk.js (1)
10월 19, 2020 16:02:35.81 [16848:12440:1019/160235.819:ERROR:CONSOLE(1)] "No document", source: devtools://devtools/bundled/sdk/sdk.js (1)
10월 19, 2020 16:02:40.91 [16848:12440:1019/160240.918:ERROR:CONSOLE(1)] "No document", source: devtools://devtools/bundled/sdk/sdk.js (1)
10월 19, 2020 16:02:47.66 [16848:12440:1019/160247.665:ERROR:CONSOLE(1)] "No document", source: devtools://devtools/bundled/sdk/sdk.js (1)
10월 19, 2020 16:02:49.04 [16848:12440:1019/160249.044:ERROR:CONSOLE(1)] "No document", source: devtools://devtools/bundled/sdk/sdk.js (1)
10월 19, 2020 16:02:49.50 [16848:12440:1019/160249.508:ERROR:CONSOLE(1)] "No document", source: devtools://devtools/bundled/sdk/sdk.js (1)
10월 19, 2020 16:02:49.90 [16848:12440:1019/160249.901:ERROR:CONSOLE(1)] "No document", source: devtools://devtools/bundled/sdk/sdk.js (1)
10월 19, 2020 16:02:50.26 [16848:12440:1019/160250.266:ERROR:CONSOLE(1)] "No document", source: devtools://devtools/bundled/sdk/sdk.js (1)
10월 19, 2020 16:02:50.73 [16848:12440:1019/160250.736:ERROR:CONSOLE(1)] "No document", source: devtools://devtools/bundled/sdk/sdk.js (1)
10월 19, 2020 16:02:51.18 [16848:12440:1019/160251.188:ERROR:CONSOLE(1)] "No document", source: devtools://devtools/bundled/sdk/sdk.js (1)
10월 19, 2020 16:02:52.44 [16848:12440:1019/160252.441:ERROR:CONSOLE(1)] "No document", source: devtools://devtools/bundled/sdk/sdk.js (1)
10월 19, 2020 16:02:53.04 [16848:12440:1019/160253.049:ERROR:CONSOLE(1)] "No document", source: devtools://devtools/bundled/sdk/sdk.js (1)
10월 19, 2020 16:02:53.59 [16848:12440:1019/160253.591:ERROR:CONSOLE(1)] "No document", source: devtools://devtools/bundled/sdk/sdk.js (1)
10월 19, 2020 16:02:55.03 [16848:12440:1019/160255.035:ERROR:CONSOLE(1)] "No document", source: devtools://devtools/bundled/sdk/sdk.js (1)
10월 19, 2020 16:02:55.56 [16848:12440:1019/160255.561:ERROR:CONSOLE(1)] "No document", source: devtools://devtools/bundled/sdk/sdk.js (1)
10월 19, 2020 16:02:56.00 [16848:12440:1019/160256.006:ERROR:CONSOLE(1)] "No document", source: devtools://devtools/bundled/sdk/sdk.js (1)
10월 19, 2020 16:02:56.35 [16848:12440:1019/160256.358:ERROR:CONSOLE(1)] "No document", source: devtools://devtools/bundled/sdk/sdk.js (1)
10월 19, 2020 16:02:56.72 [16848:12440:1019/160256.729:ERROR:CONSOLE(1)] "No document", source: devtools://devtools/bundled/sdk/sdk.js (1)
10월 19, 2020 16:02:57.19 [16848:12440:1019/160257.199:ERROR:CONSOLE(1)] "No document", source: devtools://devtools/bundled/sdk/sdk.js (1)
10월 19, 2020 16:03:11.61 [16848:12440:1019/160311.618:ERROR:CONSOLE(1)] "No document", source: devtools://devtools/bundled/sdk/sdk.js (1)
10월 19, 2020 16:03:14.12 [16848:12440:1019/160314.122:ERROR:CONSOLE(1)] "No document", source: devtools://devtools/bundled/sdk/sdk.js (1)
10월 19, 2020 16:03:14.93 [16848:12440:1019/160314.936:ERROR:CONSOLE(1)] "No document", source: devtools://devtools/bundled/sdk/sdk.js (1)
10월 19, 2020 16:03:17.13 [16848:12440:1019/160317.138:ERROR:CONSOLE(1)] "No document", source: devtools://devtools/bundled/sdk/sdk.js (1)
10월 19, 2020 16:03:18.14 [16848:12440:1019/160318.143:ERROR:CONSOLE(1)] "No document", source: devtools://devtools/bundled/sdk/sdk.js (1)
10월 19, 2020 16:08:58.43 [16848:12440:1019/160858.432:ERROR:CONSOLE(1)] "No document", source: devtools://devtools/bundled/sdk/sdk.js (1)
10월 19, 2020 16:09:00.48 [16848:12440:1019/160900.482:ERROR:CONSOLE(1)] "No document", source: devtools://devtools/bundled/sdk/sdk.js (1)
10월 19, 2020 16:09:02.90 [16848:12440:1019/160902.903:ERROR:CONSOLE(1)] "No document", source: devtools://devtools/bundled/sdk/sdk.js (1)

10월 20, 2020 15:50:00.46 NEW SESSION
10월 20, 2020 15:50:00.46 [2284:14792:1020/155000.467:ERROR:device_event_log_impl.cc(208)] [15:50:00.467] Bluetooth: bluetooth_adapter_winrt.cc:1076 Getting Default Adapter failed.
10월 20, 2020 15:59:55.25 [1020/155955.251:ERROR:directory_reader_win.cc(43)] FindFirstFile: 지정된 경로를 찾을 수 없습니다. (0x3)
10월 20, 2020 16:34:08.19 [2284:14792:1020/163408.198:ERROR:CONSOLE(1)] "No document", source: devtools://devtools/bundled/sdk/sdk.js (1)
10월 20, 2020 16:34:45.68 [2284:14792:1020/163445.680:ERROR:CONSOLE(1)] "No document", source: devtools://devtools/bundled/sdk/sdk.js (1)
10월 20, 2020 16:36:47.03 [2284:14792:1020/163647.031:ERROR:CONSOLE(1)] "No document", source: devtools://devtools/bundled/sdk/sdk.js (1)
10월 20, 2020 17:27:04.43 [2284:14792:1020/172704.430:ERROR:CONSOLE(1)] "No document", source: devtools://devtools/bundled/sdk/sdk.js (1)
10월 20, 2020 17:29:17.98 [2284:14792:1020/172917.986:ERROR:CONSOLE(1)] "No document", source: devtools://devtools/bundled/sdk/sdk.js (1)
10월 20, 2020 17:31:47.53 [2284:14792:1020/173147.532:ERROR:CONSOLE(1)] "No document", source: devtools://devtools/bundled/sdk/sdk.js (1)
10월 20, 2020 17:31:59.62 [2284:14792:1020/173159.629:ERROR:CONSOLE(1)] "No document", source: devtools://devtools/bundled/sdk/sdk.js (1)
10월 20, 2020 17:32:01.41 [2284:14792:1020/173201.416:ERROR:CONSOLE(1)] "No document", source: devtools://devtools/bundled/sdk/sdk.js (1)
10월 20, 2020 17:32:01.87 [2284:14792:1020/173201.870:ERROR:CONSOLE(1)] "No document", source: devtools://devtools/bundled/sdk/sdk.js (1)
10월 20, 2020 17:32:02.36 [2284:14792:1020/173202.360:ERROR:CONSOLE(1)] "No document", source: devtools://devtools/bundled/sdk/sdk.js (1)
10월 20, 2020 17:32:02.89 [2284:14792:1020/173202.891:ERROR:CONSOLE(1)] "No document", source: devtools://devtools/bundled/sdk/sdk.js (1)
10월 20, 2020 17:32:03.42 [2284:14792:1020/173203.428:ERROR:CONSOLE(1)] "No document", source: devtools://devtools/bundled/sdk/sdk.js (1)
10월 20, 2020 17:32:07.00 [2284:14792:1020/173206.999:ERROR:CONSOLE(1)] "No document", source: devtools://devtools/bundled/sdk/sdk.js (1)
10월 20, 2020 17:37:58.56 [2284:14792:1020/173758.567:ERROR:CONSOLE(1)] "No document", source: devtools://devtools/bundled/sdk/sdk.js (1)
10월 20, 2020 17:38:04.31 [2284:14792:1020/173804.318:ERROR:CONSOLE(1)] "No document", source: devtools://devtools/bundled/sdk/sdk.js (1)
10월 20, 2020 17:38:11.90 [2284:14792:1020/173811.902:ERROR:CONSOLE(1)] "No document", source: devtools://devtools/bundled/sdk/sdk.js (1)
10월 20, 2020 17:38:29.23 [2284:14792:1020/173829.237:ERROR:CONSOLE(1)] "No document", source: devtools://devtools/bundled/sdk/sdk.js (1)
10월 20, 2020 17:38:30.52 [2284:14792:1020/173830.520:ERROR:CONSOLE(1)] "No document", source: devtools://devtools/bundled/sdk/sdk.js (1)
10월 20, 2020 17:38:31.00 [2284:14792:1020/173831.006:ERROR:CONSOLE(1)] "No document", source: devtools://devtools/bundled/sdk/sdk.js (1)
10월 20, 2020 17:38:31.52 [2284:14792:1020/173831.529:ERROR:CONSOLE(1)] "No document", source: devtools://devtools/bundled/sdk/sdk.js (1)
10월 20, 2020 17:38:32.04 [2284:14792:1020/173832.048:ERROR:CONSOLE(1)] "No document", source: devtools://devtools/bundled/sdk/sdk.js (1)
10월 20, 2020 17:38:32.69 [2284:14792:1020/173832.699:ERROR:CONSOLE(1)] "No document", source: devtools://devtools/bundled/sdk/sdk.js (1)
10월 20, 2020 17:38:38.22 [2284:14792:1020/173838.228:ERROR:CONSOLE(1)] "No document", source: devtools://devtools/bundled/sdk/sdk.js (1)
10월 20, 2020 17:38:38.98 [2284:14792:1020/173838.986:ERROR:CONSOLE(1)] "No document", source: devtools://devtools/bundled/sdk/sdk.js (1)
10월 20, 2020 17:38:45.34 [2284:14792:1020/173845.347:ERROR:CONSOLE(1)] "No document", source: devtools://devtools/bundled/sdk/sdk.js (1)
10월 20, 2020 17:38:46.01 [2284:14792:1020/173846.012:ERROR:CONSOLE(1)] "No document", source: devtools://devtools/bundled/sdk/sdk.js (1)
10월 20, 2020 17:38:46.59 [2284:14792:1020/173846.594:ERROR:CONSOLE(1)] "No document", source: devtools://devtools/bundled/sdk/sdk.js (1)
10월 20, 2020 17:38:47.42 [2284:14792:1020/173847.421:ERROR:CONSOLE(1)] "No document", source: devtools://devtools/bundled/sdk/sdk.js (1)
10월 20, 2020 17:38:47.91 [2284:14792:1020/173847.917:ERROR:CONSOLE(1)] "No document", source: devtools://devtools/bundled/sdk/sdk.js (1)
10월 20, 2020 17:38:48.37 [2284:14792:1020/173848.373:ERROR:CONSOLE(1)] "No document", source: devtools://devtools/bundled/sdk/sdk.js (1)
10월 20, 2020 17:38:48.85 [2284:14792:1020/173848.853:ERROR:CONSOLE(1)] "No document", source: devtools://devtools/bundled/sdk/sdk.js (1)
10월 20, 2020 17:38:49.34 [2284:14792:1020/173849.340:ERROR:CONSOLE(1)] "No document", source: devtools://devtools/bundled/sdk/sdk.js (1)
10월 20, 2020 17:38:49.87 [2284:14792:1020/173849.875:ERROR:CONSOLE(1)] "No document", source: devtools://devtools/bundled/sdk/sdk.js (1)
10월 20, 2020 17:38:50.41 [2284:14792:1020/173850.411:ERROR:CONSOLE(1)] "No document", source: devtools://devtools/bundled/sdk/sdk.js (1)
10월 20, 2020 17:38:50.96 [2284:14792:1020/173850.963:ERROR:CONSOLE(1)] "No document", source: devtools://devtools/bundled/sdk/sdk.js (1)
10월 20, 2020 17:38:51.47 [2284:14792:1020/173851.478:ERROR:CONSOLE(1)] "No document", source: devtools://devtools/bundled/sdk/sdk.js (1)
10월 20, 2020 17:38:51.96 [2284:14792:1020/173851.968:ERROR:CONSOLE(1)] "No document", source: devtools://devtools/bundled/sdk/sdk.js (1)
10월 20, 2020 17:38:57.13 [2284:14792:1020/173857.132:ERROR:CONSOLE(1)] "No document", source: devtools://devtools/bundled/sdk/sdk.js (1)
10월 20, 2020 17:41:47.88 [2284:14792:1020/174147.884:ERROR:CONSOLE(1)] "No document", source: devtools://devtools/bundled/sdk/sdk.js (1)
10월 20, 2020 17:46:59.54 [2284:14792:1020/174659.545:ERROR:CONSOLE(1)] "No document", source: devtools://devtools/bundled/sdk/sdk.js (1)
10월 20, 2020 17:47:42.93 [2284:14792:1020/174742.931:ERROR:CONSOLE(1)] "No document", source: devtools://devtools/bundled/sdk/sdk.js (1)
10월 20, 2020 17:47:44.85 [2284:14792:1020/174744.849:ERROR:CONSOLE(1)] "No document", source: devtools://devtools/bundled/sdk/sdk.js (1)
10월 20, 2020 17:49:32.23 [2284:14792:1020/174932.234:ERROR:CONSOLE(1)] "No document", source: devtools://devtools/bundled/sdk/sdk.js (1)
10월 20, 2020 17:49:53.53 [2284:14792:1020/174953.533:ERROR:CONSOLE(1)] "No document", source: devtools://devtools/bundled/sdk/sdk.js (1)
10월 20, 2020 17:50:49.40 [2284:14792:1020/175049.400:ERROR:CONSOLE(1)] "No document", source: devtools://devtools/bundled/sdk/sdk.js (1)
10월 20, 2020 17:51:16.69 [2284:14792:1020/175116.697:ERROR:CONSOLE(1)] "No document", source: devtools://devtools/bundled/sdk/sdk.js (1)
10월 20, 2020 17:51:17.47 [2284:14792:1020/175117.470:ERROR:CONSOLE(1)] "No document", source: devtools://devtools/bundled/sdk/sdk.js (1)
10월 20, 2020 17:51:23.01 [2284:14792:1020/175123.015:ERROR:CONSOLE(1)] "No document", source: devtools://devtools/bundled/sdk/sdk.js (1)
10월 20, 2020 17:51:23.67 [2284:14792:1020/175123.670:ERROR:CONSOLE(1)] "No document", source: devtools://devtools/bundled/sdk/sdk.js (1)
10월 20, 2020 17:51:24.32 [2284:14792:1020/175124.327:ERROR:CONSOLE(1)] "No document", source: devtools://devtools/bundled/sdk/sdk.js (1)
10월 20, 2020 17:51:26.22 [2284:14792:1020/175126.224:ERROR:CONSOLE(1)] "No document", source: devtools://devtools/bundled/sdk/sdk.js (1)
10월 20, 2020 17:51:26.95 [2284:14792:1020/175126.958:ERROR:CONSOLE(1)] "No document", source: devtools://devtools/bundled/sdk/sdk.js (1)
10월 20, 2020 17:51:27.57 [2284:14792:1020/175127.573:ERROR:CONSOLE(1)] "No document", source: devtools://devtools/bundled/sdk/sdk.js (1)
10월 20, 2020 17:51:28.12 [2284:14792:1020/175128.122:ERROR:CONSOLE(1)] "No document", source: devtools://devtools/bundled/sdk/sdk.js (1)
10월 20, 2020 17:51:28.63 [2284:14792:1020/175128.638:ERROR:CONSOLE(1)] "No document", source: devtools://devtools/bundled/sdk/sdk.js (1)
10월 20, 2020 17:51:31.51 [2284:14792:1020/175131.512:ERROR:CONSOLE(1)] "No document", source: devtools://devtools/bundled/sdk/sdk.js (1)
10월 20, 2020 17:51:32.65 [2284:14792:1020/175132.658:ERROR:CONSOLE(1)] "No document", source: devtools://devtools/bundled/sdk/sdk.js (1)
10월 20, 2020 17:54:56.03 [2284:14792:1020/175456.037:ERROR:CONSOLE(1)] "No document", source: devtools://devtools/bundled/sdk/sdk.js (1)
10월 20, 2020 17:55:14.43 [2284:14792:1020/175514.430:ERROR:CONSOLE(1)] "No document", source: devtools://devtools/bundled/sdk/sdk.js (1)
10월 20, 2020 17:55:16.73 [2284:14792:1020/175516.734:ERROR:CONSOLE(1)] "No document", source: devtools://devtools/bundled/sdk/sdk.js (1)
10월 20, 2020 17:57:38.04 [2284:14792:1020/175738.041:ERROR:CONSOLE(1)] "No document", source: devtools://devtools/bundled/sdk/sdk.js (1)
10월 20, 2020 17:57:40.27 [2284:14792:1020/175740.277:ERROR:CONSOLE(1)] "No document", source: devtools://devtools/bundled/sdk/sdk.js (1)
10월 20, 2020 17:57:41.61 [2284:14792:1020/175741.619:ERROR:CONSOLE(1)] "No document", source: devtools://devtools/bundled/sdk/sdk.js (1)
10월 20, 2020 17:57:51.40 [2284:14792:1020/175751.408:ERROR:CONSOLE(1)] "No document", source: devtools://devtools/bundled/sdk/sdk.js (1)
10월 20, 2020 17:57:52.62 [2284:14792:1020/175752.628:ERROR:CONSOLE(1)] "No document", source: devtools://devtools/bundled/sdk/sdk.js (1)
10월 20, 2020 17:57:54.08 [2284:14792:1020/175754.087:ERROR:CONSOLE(1)] "No document", source: devtools://devtools/bundled/sdk/sdk.js (1)
10월 20, 2020 18:11:06.22 [2284:14792:1020/181106.221:ERROR:CONSOLE(1)] "No document", source: devtools://devtools/bundled/sdk/sdk.js (1)
10월 20, 2020 18:12:22.02 [2284:14792:1020/181222.027:ERROR:CONSOLE(1)] "No document", source: devtools://devtools/bundled/sdk/sdk.js (1)
10월 20, 2020 18:12:53.01 [2284:14792:1020/181253.014:ERROR:CONSOLE(1)] "No document", source: devtools://devtools/bundled/sdk/sdk.js (1)
10월 20, 2020 18:12:54.74 [2284:14792:1020/181254.714:ERROR:CONSOLE(1)] "No document", source: devtools://devtools/bundled/sdk/sdk.js (1)
10월 20, 2020 18:13:03.68 [2284:14792:1020/181303.684:ERROR:CONSOLE(1)] "No document", source: devtools://devtools/bundled/sdk/sdk.js (1)
10월 20, 2020 18:13:04.62 [2284:14792:1020/181304.624:ERROR:CONSOLE(1)] "No document", source: devtools://devtools/bundled/sdk/sdk.js (1)
10월 20, 2020 18:48:15.64 [2284:14792:1020/184815.641:ERROR:CONSOLE(1)] "No document", source: devtools://devtools/bundled/sdk/sdk.js (1)
10월 20, 2020 18:51:49.22 [2284:14792:1020/185149.226:ERROR:CONSOLE(1)] "No document", source: devtools://devtools/bundled/sdk/sdk.js (1)
10월 20, 2020 18:51:50.57 [2284:14792:1020/185150.579:ERROR:CONSOLE(1)] "URIError: URI malformed URIError: URI malformed
10월 20, 2020 18:51:50.58     at decodeURI (<anonymous>)
10월 20, 2020 18:51:50.59     at ae._createBinding (devtools://devtools/bundled/persistence/persistence.js:1:34646)
10월 20, 2020 18:51:50.59     at ae._computeNetworkStatus (devtools://devtools/bundled/persistence/persistence.js:1:32358)
10월 20, 2020 18:51:50.60     at ae._onUISourceCodeAdded (devtools://devtools/bundled/persistence/persistence.js:1:31471)
10월 20, 2020 18:51:50.60     at devtools://devtools/bundled/persistence/persistence.js:1:29584
10월 20, 2020 18:51:50.61     at m.dispatchEventToListeners (devtools://devtools/bundled/common/common.js:1:14803)
10월 20, 2020 18:51:50.62     at P.addUISourceCode (devtools://devtools/bundled/workspace/workspace.js:1:5162)
10월 20, 2020 18:51:50.63     at P.addUISourceCodeWithProvider (devtools://devtools/bundled/bindings/bindings.js:1:7942)
10월 20, 2020 18:51:50.64     at new ke (devtools://devtools/bundled/bindings/bindings.js:1:44889)
10월 20, 2020 18:51:50.64     at ye._resourceAdded (devtools://devtools/bundled/bindings/bindings.js:1:43981)", source: devtools://devtools/bundled/host/host.js (1)
10월 20, 2020 18:51:50.83 [2284:14792:1020/185150.832:ERROR:CONSOLE(1)] "No document", source: devtools://devtools/bundled/sdk/sdk.js (1)
10월 20, 2020 18:52:27.02 [2284:14792:1020/185227.021:ERROR:CONSOLE(1)] "No document", source: devtools://devtools/bundled/sdk/sdk.js (1)
10월 20, 2020 18:52:29.78 [2284:14792:1020/185229.789:ERROR:CONSOLE(1)] "No document", source: devtools://devtools/bundled/sdk/sdk.js (1)
10월 20, 2020 18:52:33.20 [2284:14792:1020/185233.202:ERROR:CONSOLE(1)] "No document", source: devtools://devtools/bundled/sdk/sdk.js (1)
10월 20, 2020 19:20:45.35 [2284:14792:1020/192045.356:ERROR:CONSOLE(1)] "No document", source: devtools://devtools/bundled/sdk/sdk.js (1)
10월 20, 2020 19:21:09.90 [2284:14792:1020/192109.900:ERROR:CONSOLE(1)] "No document", source: devtools://devtools/bundled/sdk/sdk.js (1)
10월 20, 2020 19:21:37.04 [2284:14792:1020/192137.046:ERROR:CONSOLE(1)] "No document", source: devtools://devtools/bundled/sdk/sdk.js (1)
10월 20, 2020 19:39:16.54 [2284:14792:1020/193916.540:ERROR:CONSOLE(1)] "No document", source: devtools://devtools/bundled/sdk/sdk.js (1)
10월 20, 2020 19:40:29.50 [2284:14792:1020/194029.504:ERROR:CONSOLE(1)] "No document", source: devtools://devtools/bundled/sdk/sdk.js (1)
10월 20, 2020 19:40:36.68 [2284:14792:1020/194036.681:ERROR:CONSOLE(1)] "No document", source: devtools://devtools/bundled/sdk/sdk.js (1)
10월 20, 2020 19:40:43.76 [2284:14792:1020/194043.762:ERROR:CONSOLE(1)] "No document", source: devtools://devtools/bundled/sdk/sdk.js (1)
10월 20, 2020 19:40:45.38 [2284:14792:1020/194045.379:ERROR:CONSOLE(1)] "No document", source: devtools://devtools/bundled/sdk/sdk.js (1)
10월 20, 2020 19:40:45.81 [2284:14792:1020/194045.814:ERROR:CONSOLE(1)] "No document", source: devtools://devtools/bundled/sdk/sdk.js (1)
10월 20, 2020 19:41:02.55 [2284:14792:1020/194102.521:ERROR:CONSOLE(1)] "No document", source: devtools://devtools/bundled/sdk/sdk.js (1)
10월 20, 2020 19:42:48.15 [2284:14792:1020/194248.155:ERROR:CONSOLE(1)] "No document", source: devtools://devtools/bundled/sdk/sdk.js (1)
10월 20, 2020 20:06:16.63 [16440:21896:1020/200616.639:ERROR:device_event_log_impl.cc(208)] [20:06:16.639] Bluetooth: bluetooth_adapter_winrt.cc:1076 Getting Default Adapter failed.
10월 20, 2020 20:08:19.05 [16440:21896:1020/200819.057:ERROR:CONSOLE(1)] "No document", source: devtools://devtools/bundled/sdk/sdk.js (1)
10월 20, 2020 20:11:34.75 [16440:21896:1020/201134.750:ERROR:CONSOLE(1)] "No document", source: devtools://devtools/bundled/sdk/sdk.js (1)
10월 20, 2020 20:16:07.15 [1020/201607.152:ERROR:directory_reader_win.cc(43)] FindFirstFile: 지정된 경로를 찾을 수 없습니다. (0x3)
10월 20, 2020 20:35:21.63 [16440:21896:1020/203521.631:ERROR:CONSOLE(1)] "No document", source: devtools://devtools/bundled/sdk/sdk.js (1)
